<?xml version="1.0" encoding="UTF-8"?>
<!-- Generated by org.testng.reporters.JUnitReportReporter -->
<testsuite hostname="DESKTOP-5Q3G827" failures="0" tests="1" name="capstone.insurancetesting.AppTest" time="0.004" errors="0" timestamp="23 Nov 2023 21:14:16 GMT">
  <testcase classname="capstone.insurancetesting.AppTest" name="shouldAnswerWithTrue" time="0.004"/>
</testsuite> <!-- capstone.insurancetesting.AppTest -->
